This file contains any messages produced by compilers while
running configure, to aid debugging if configure makes a mistake.

It was created by configure, which was
generated by GNU Autoconf 2.69.  Invocation command line was

  $ ./configure 

## --------- ##
## Platform. ##
## --------- ##

hostname = shinken.internal-gmo
uname -m = x86_64
uname -r = 13.1.0
uname -s = Darwin
uname -v = Darwin Kernel Version 13.1.0: Wed Apr  2 23:52:02 PDT 2014; root:xnu-2422.92.1~2/RELEASE_X86_64

/usr/bin/uname -p = i386
/bin/uname -X     = unknown

/bin/arch              = unknown
/usr/bin/arch -k       = unknown
/usr/convex/getsysinfo = unknown
/usr/bin/hostinfo      = Mach kernel version:
	 Darwin Kernel Version 13.1.0: Wed Apr  2 23:52:02 PDT 2014; root:xnu-2422.92.1~2/RELEASE_X86_64
Kernel configured for up to 8 processors.
4 processors are physically available.
8 processors are logically available.
Processor type: i486 (Intel 80486)
Processors active: 0 1 2 3 4 5 6 7
Primary memory available: 12.00 gigabytes
Default processor set: 206 tasks, 729 threads, 8 processors
Load average: 1.29, Mach factor: 6.70
/bin/machine           = unknown
/usr/bin/oslevel       = unknown
/bin/universe          = unknown

PATH: /opt/local/bin
PATH: /opt/local/sbin
PATH: /opt/local/bin
PATH: /opt/local/sbin
PATH: /usr/bin
PATH: /bin
PATH: /usr/sbin
PATH: /sbin
PATH: /usr/local/bin
PATH: /opt/X11/bin
PATH: /opt/local/bin
PATH: /usr/X11R6/bin
PATH: /usr/local/bin


## ----------- ##
## Core tests. ##
## ----------- ##

configure:2265: checking build system type
configure:2279: result: i686-apple-darwin13.1.0
configure:2299: checking host system type
configure:2312: result: i686-apple-darwin13.1.0
configure:2332: checking target system type
configure:2345: result: i686-apple-darwin13.1.0
configure:2449: checking for gcc
configure:2465: found /usr/bin/gcc
configure:2476: result: gcc
configure:2705: checking for C compiler version
configure:2714: gcc --version >&5
Apple LLVM version 5.1 (clang-503.0.40) (based on LLVM 3.4svn)
Target: x86_64-apple-darwin13.1.0
Thread model: posix
Configured with: --prefix=/Applications/Xcode.app/Contents/Developer/usr --with-gxx-include-dir=/usr/include/c++/4.2.1
configure:2725: $? = 0
configure:2714: gcc -v >&5
Configured with: --prefix=/Applications/Xcode.app/Contents/Developer/usr --with-gxx-include-dir=/usr/include/c++/4.2.1
Apple LLVM version 5.1 (clang-503.0.40) (based on LLVM 3.4svn)
Target: x86_64-apple-darwin13.1.0
Thread model: posix
configure:2725: $? = 0
configure:2714: gcc -V >&5
clang: error: argument to '-V' is missing (expected 1 value)
clang: error: no input files
configure:2725: $? = 1
configure:2714: gcc -qversion >&5
clang: error: unknown argument: '-qversion' [-Wunused-command-line-argument-hard-error-in-future]
clang: note: this will be a hard error (cannot be downgraded to a warning) in the future
clang: error: no input files
configure:2725: $? = 1
configure:2745: checking whether the C compiler works
configure:2767: gcc    conftest.c  >&5
configure:2771: $? = 0
configure:2819: result: yes
configure:2822: checking for C compiler default output file name
configure:2824: result: a.out
configure:2830: checking for suffix of executables
configure:2837: gcc -o conftest    conftest.c  >&5
configure:2841: $? = 0
configure:2863: result: 
configure:2885: checking whether we are cross compiling
configure:2893: gcc -o conftest    conftest.c  >&5
configure:2897: $? = 0
configure:2904: ./conftest
configure:2908: $? = 0
configure:2923: result: no
configure:2928: checking for suffix of object files
configure:2950: gcc -c   conftest.c >&5
configure:2954: $? = 0
configure:2975: result: o
configure:2979: checking whether we are using the GNU C compiler
configure:2998: gcc -c   conftest.c >&5
configure:2998: $? = 0
configure:3007: result: yes
configure:3016: checking whether gcc accepts -g
configure:3036: gcc -c -g  conftest.c >&5
configure:3036: $? = 0
configure:3077: result: yes
configure:3094: checking for gcc option to accept ISO C89
configure:3157: gcc  -c -g -O2  conftest.c >&5
configure:3157: $? = 0
configure:3170: result: none needed
configure:3190: checking for gcc option to accept ISO C99
configure:3339: gcc  -c -g -O2  conftest.c >&5
configure:3339: $? = 0
configure:3352: result: none needed
configure:3479: checking for C compiler version
configure:3488: gcc --version >&5
Apple LLVM version 5.1 (clang-503.0.40) (based on LLVM 3.4svn)
Target: x86_64-apple-darwin13.1.0
Thread model: posix
Configured with: --prefix=/Applications/Xcode.app/Contents/Developer/usr --with-gxx-include-dir=/usr/include/c++/4.2.1
configure:3499: $? = 0
configure:3488: gcc -v >&5
Configured with: --prefix=/Applications/Xcode.app/Contents/Developer/usr --with-gxx-include-dir=/usr/include/c++/4.2.1
Apple LLVM version 5.1 (clang-503.0.40) (based on LLVM 3.4svn)
Target: x86_64-apple-darwin13.1.0
Thread model: posix
configure:3499: $? = 0
configure:3488: gcc -V >&5
clang: error: argument to '-V' is missing (expected 1 value)
clang: error: no input files
configure:3499: $? = 1
configure:3488: gcc -qversion >&5
clang: error: unknown argument: '-qversion' [-Wunused-command-line-argument-hard-error-in-future]
clang: note: this will be a hard error (cannot be downgraded to a warning) in the future
clang: error: no input files
configure:3499: $? = 1
configure:3503: checking whether we are using the GNU C compiler
configure:3531: result: yes
configure:3540: checking whether gcc accepts -g
configure:3601: result: yes
configure:3618: checking for gcc option to accept ISO C89
configure:3694: result: none needed
configure:3715: checking for C/C++ restrict keyword
configure:3740: gcc -c -g -O2  conftest.c >&5
configure:3740: $? = 0
configure:3748: result: __restrict
configure:3761: checking for inline
configure:3777: gcc -c -g -O2  conftest.c >&5
configure:3777: $? = 0
configure:3785: result: inline
configure:3809: checking whether gcc supports -g -O2 -O2 -Wall -m64
configure:3828: gcc -o conftest -g -O2 -O2 -Wall -m64   conftest.c  >&5
configure:3828: $? = 0
configure:3828: ./conftest
configure:3828: $? = 0
configure:3829: result: yes
configure:3940: checking for a BSD-compatible install
configure:4008: result: /usr/bin/install -c
configure:4021: checking for rm
configure:4039: found /bin/rm
configure:4051: result: /bin/rm
configure:4061: checking for mt
configure:4096: result: no
configure:4101: checking return type of signal handlers
configure:4119: gcc -c -g -O2 -O2 -Wall -m64  conftest.c >&5
conftest.c:16:8: error: indirection requires pointer operand ('void' invalid)
return *(signal (0, 0)) (0) == 1;
       ^~~~~~~~~~~~~~~~~~~~
1 error generated.
configure:4119: $? = 1
configure: failed program was:
| /* confdefs.h */
| #define PACKAGE_NAME ""
| #define PACKAGE_TARNAME ""
| #define PACKAGE_VERSION ""
| #define PACKAGE_STRING ""
| #define PACKAGE_BUGREPORT ""
| #define PACKAGE_URL ""
| #define restrict __restrict
| /* end confdefs.h.  */
| #include <sys/types.h>
| #include <signal.h>
| 
| int
| main ()
| {
| return *(signal (0, 0)) (0) == 1;
|   ;
|   return 0;
| }
configure:4126: result: void
configure:4141: checking for special C compiler options needed for large files
configure:4186: result: no
configure:4192: checking for _FILE_OFFSET_BITS value needed for large files
configure:4217: gcc -c -g -O2 -O2 -Wall -m64  conftest.c >&5
configure:4217: $? = 0
configure:4249: result: no
configure:4339: checking how to run the C preprocessor
configure:4370: gcc -E  conftest.c
configure:4370: $? = 0
configure:4384: gcc -E  conftest.c
conftest.c:11:10: fatal error: 'ac_nonexistent.h' file not found
#include <ac_nonexistent.h>
         ^
1 error generated.
configure:4384: $? = 1
configure: failed program was:
| /* confdefs.h */
| #define PACKAGE_NAME ""
| #define PACKAGE_TARNAME ""
| #define PACKAGE_VERSION ""
| #define PACKAGE_STRING ""
| #define PACKAGE_BUGREPORT ""
| #define PACKAGE_URL ""
| #define restrict __restrict
| #define RETSIGTYPE void
| /* end confdefs.h.  */
| #include <ac_nonexistent.h>
configure:4409: result: gcc -E
configure:4429: gcc -E  conftest.c
configure:4429: $? = 0
configure:4443: gcc -E  conftest.c
conftest.c:11:10: fatal error: 'ac_nonexistent.h' file not found
#include <ac_nonexistent.h>
         ^
1 error generated.
configure:4443: $? = 1
configure: failed program was:
| /* confdefs.h */
| #define PACKAGE_NAME ""
| #define PACKAGE_TARNAME ""
| #define PACKAGE_VERSION ""
| #define PACKAGE_STRING ""
| #define PACKAGE_BUGREPORT ""
| #define PACKAGE_URL ""
| #define restrict __restrict
| #define RETSIGTYPE void
| /* end confdefs.h.  */
| #include <ac_nonexistent.h>
configure:4472: checking for grep that handles long lines and -e
configure:4530: result: /usr/bin/grep
configure:4535: checking for egrep
configure:4597: result: /usr/bin/grep -E
configure:4602: checking for ANSI C header files
configure:4622: gcc -c -g -O2 -O2 -Wall -m64  conftest.c >&5
configure:4622: $? = 0
configure:4695: gcc -o conftest -g -O2 -O2 -Wall -m64   conftest.c  >&5
configure:4695: $? = 0
configure:4695: ./conftest
configure:4695: $? = 0
configure:4706: result: yes
configure:4719: checking for sys/types.h
configure:4719: gcc -c -g -O2 -O2 -Wall -m64  conftest.c >&5
configure:4719: $? = 0
configure:4719: result: yes
configure:4719: checking for sys/stat.h
configure:4719: gcc -c -g -O2 -O2 -Wall -m64  conftest.c >&5
configure:4719: $? = 0
configure:4719: result: yes
configure:4719: checking for stdlib.h
configure:4719: gcc -c -g -O2 -O2 -Wall -m64  conftest.c >&5
configure:4719: $? = 0
configure:4719: result: yes
configure:4719: checking for string.h
configure:4719: gcc -c -g -O2 -O2 -Wall -m64  conftest.c >&5
configure:4719: $? = 0
configure:4719: result: yes
configure:4719: checking for memory.h
configure:4719: gcc -c -g -O2 -O2 -Wall -m64  conftest.c >&5
configure:4719: $? = 0
configure:4719: result: yes
configure:4719: checking for strings.h
configure:4719: gcc -c -g -O2 -O2 -Wall -m64  conftest.c >&5
configure:4719: $? = 0
configure:4719: result: yes
configure:4719: checking for inttypes.h
configure:4719: gcc -c -g -O2 -O2 -Wall -m64  conftest.c >&5
configure:4719: $? = 0
configure:4719: result: yes
configure:4719: checking for stdint.h
configure:4719: gcc -c -g -O2 -O2 -Wall -m64  conftest.c >&5
configure:4719: $? = 0
configure:4719: result: yes
configure:4719: checking for unistd.h
configure:4719: gcc -c -g -O2 -O2 -Wall -m64  conftest.c >&5
configure:4719: $? = 0
configure:4719: result: yes
configure:4731: checking for struct stat.st_blksize
configure:4731: gcc -c -g -O2 -O2 -Wall -m64  conftest.c >&5
configure:4731: $? = 0
configure:4731: result: yes
configure:4746: checking whether to enable assertions
configure:4764: result: yes
configure:4767: checking for pthread_mutex_init in -lpthread
configure:4792: gcc -o conftest -g -O2 -O2 -Wall -m64   conftest.c -lpthread   >&5
configure:4792: $? = 0
configure:4801: result: yes
configure:4812: checking for library containing clock_gettime
configure:4843: gcc -o conftest -g -O2 -O2 -Wall -m64   conftest.c -lpthread  >&5
Undefined symbols for architecture x86_64:
  "_clock_gettime", referenced from:
      _main in conftest-08493c.o
ld: symbol(s) not found for architecture x86_64
clang: error: linker command failed with exit code 1 (use -v to see invocation)
configure:4843: $? = 1
configure: failed program was:
| /* confdefs.h */
| #define PACKAGE_NAME ""
| #define PACKAGE_TARNAME ""
| #define PACKAGE_VERSION ""
| #define PACKAGE_STRING ""
| #define PACKAGE_BUGREPORT ""
| #define PACKAGE_URL ""
| #define restrict __restrict
| #define RETSIGTYPE void
| #define STDC_HEADERS 1
| #define HAVE_SYS_TYPES_H 1
| #define HAVE_SYS_STAT_H 1
| #define HAVE_STDLIB_H 1
| #define HAVE_STRING_H 1
| #define HAVE_MEMORY_H 1
| #define HAVE_STRINGS_H 1
| #define HAVE_INTTYPES_H 1
| #define HAVE_STDINT_H 1
| #define HAVE_UNISTD_H 1
| #define HAVE_STRUCT_STAT_ST_BLKSIZE 1
| #define HAVE_ST_BLKSIZE 1
| #define HAVE_LIBPTHREAD 1
| /* end confdefs.h.  */
| 
| /* Override any GCC internal prototype to avoid an error.
|    Use char because int might match the return type of a GCC
|    builtin and then its argument prototype would still apply.  */
| #ifdef __cplusplus
| extern "C"
| #endif
| char clock_gettime ();
| int
| main ()
| {
| return clock_gettime ();
|   ;
|   return 0;
| }
configure:4843: gcc -o conftest -g -O2 -O2 -Wall -m64   conftest.c -lrt  -lpthread  >&5
ld: library not found for -lrt
clang: error: linker command failed with exit code 1 (use -v to see invocation)
configure:4843: $? = 1
configure: failed program was:
| /* confdefs.h */
| #define PACKAGE_NAME ""
| #define PACKAGE_TARNAME ""
| #define PACKAGE_VERSION ""
| #define PACKAGE_STRING ""
| #define PACKAGE_BUGREPORT ""
| #define PACKAGE_URL ""
| #define restrict __restrict
| #define RETSIGTYPE void
| #define STDC_HEADERS 1
| #define HAVE_SYS_TYPES_H 1
| #define HAVE_SYS_STAT_H 1
| #define HAVE_STDLIB_H 1
| #define HAVE_STRING_H 1
| #define HAVE_MEMORY_H 1
| #define HAVE_STRINGS_H 1
| #define HAVE_INTTYPES_H 1
| #define HAVE_STDINT_H 1
| #define HAVE_UNISTD_H 1
| #define HAVE_STRUCT_STAT_ST_BLKSIZE 1
| #define HAVE_ST_BLKSIZE 1
| #define HAVE_LIBPTHREAD 1
| /* end confdefs.h.  */
| 
| /* Override any GCC internal prototype to avoid an error.
|    Use char because int might match the return type of a GCC
|    builtin and then its argument prototype would still apply.  */
| #ifdef __cplusplus
| extern "C"
| #endif
| char clock_gettime ();
| int
| main ()
| {
| return clock_gettime ();
|   ;
|   return 0;
| }
configure:4860: result: no
configure:4870: checking for library containing sem_init
configure:4901: gcc -o conftest -g -O2 -O2 -Wall -m64   conftest.c -lpthread  >&5
configure:4901: $? = 0
configure:4918: result: none required
configure:4928: checking for library containing rint
configure:4959: gcc -o conftest -g -O2 -O2 -Wall -m64   conftest.c -lpthread  >&5
conftest.c:31:6: warning: incompatible redeclaration of library function 'rint' [-Wincompatible-library-redeclaration]
char rint ();
     ^
conftest.c:31:6: note: 'rint' is a builtin with type 'double (double)'
1 warning generated.
configure:4959: $? = 0
configure:4976: result: none required
configure:4986: checking for library containing seteuid
configure:5017: gcc -o conftest -g -O2 -O2 -Wall -m64   conftest.c -lpthread  >&5
configure:5017: $? = 0
configure:5034: result: none required
configure:5043: checking for library containing atoll
configure:5074: gcc -o conftest -g -O2 -O2 -Wall -m64   conftest.c -lpthread  >&5
configure:5074: $? = 0
configure:5091: result: none required
configure:5104: checking for library containing hstrerror
configure:5135: gcc -o conftest -g -O2 -O2 -Wall -m64   conftest.c -lpthread  >&5
configure:5135: $? = 0
configure:5152: result: none required
configure:5161: checking for library containing getaddrinfo
configure:5192: gcc -o conftest -g -O2 -O2 -Wall -m64   conftest.c -lpthread  >&5
configure:5192: $? = 0
configure:5209: result: none required
configure:5218: checking for library containing socket
configure:5249: gcc -o conftest -g -O2 -O2 -Wall -m64   conftest.c -lpthread  >&5
configure:5249: $? = 0
configure:5266: result: none required
configure:5276: checking for library containing gethostbyname
configure:5307: gcc -o conftest -g -O2 -O2 -Wall -m64   conftest.c -lpthread  >&5
configure:5307: $? = 0
configure:5324: result: none required
configure:5334: checking for library containing sendfile
configure:5365: gcc -o conftest -g -O2 -O2 -Wall -m64   conftest.c -lpthread  >&5
configure:5365: $? = 0
configure:5382: result: none required
configure:5392: checking sys/sendfile.h usability
configure:5392: gcc -c -g -O2 -O2 -Wall -m64  conftest.c >&5
conftest.c:61:10: fatal error: 'sys/sendfile.h' file not found
#include <sys/sendfile.h>
         ^
1 error generated.
configure:5392: $? = 1
configure: failed program was:
| /* confdefs.h */
| #define PACKAGE_NAME ""
| #define PACKAGE_TARNAME ""
| #define PACKAGE_VERSION ""
| #define PACKAGE_STRING ""
| #define PACKAGE_BUGREPORT ""
| #define PACKAGE_URL ""
| #define restrict __restrict
| #define RETSIGTYPE void
| #define STDC_HEADERS 1
| #define HAVE_SYS_TYPES_H 1
| #define HAVE_SYS_STAT_H 1
| #define HAVE_STDLIB_H 1
| #define HAVE_STRING_H 1
| #define HAVE_MEMORY_H 1
| #define HAVE_STRINGS_H 1
| #define HAVE_INTTYPES_H 1
| #define HAVE_STDINT_H 1
| #define HAVE_UNISTD_H 1
| #define HAVE_STRUCT_STAT_ST_BLKSIZE 1
| #define HAVE_ST_BLKSIZE 1
| #define HAVE_LIBPTHREAD 1
| #define HAVE_SETEUID 1
| #define HAVE_HSTRERROR 1
| #define HAVE_GETADDRINFO 1
| #define HAVE_SENDFILE 1
| /* end confdefs.h.  */
| #include <stdio.h>
| #ifdef HAVE_SYS_TYPES_H
| # include <sys/types.h>
| #endif
| #ifdef HAVE_SYS_STAT_H
| # include <sys/stat.h>
| #endif
| #ifdef STDC_HEADERS
| # include <stdlib.h>
| # include <stddef.h>
| #else
| # ifdef HAVE_STDLIB_H
| #  include <stdlib.h>
| # endif
| #endif
| #ifdef HAVE_STRING_H
| # if !defined STDC_HEADERS && defined HAVE_MEMORY_H
| #  include <memory.h>
| # endif
| # include <string.h>
| #endif
| #ifdef HAVE_STRINGS_H
| # include <strings.h>
| #endif
| #ifdef HAVE_INTTYPES_H
| # include <inttypes.h>
| #endif
| #ifdef HAVE_STDINT_H
| # include <stdint.h>
| #endif
| #ifdef HAVE_UNISTD_H
| # include <unistd.h>
| #endif
| #include <sys/sendfile.h>
configure:5392: result: no
configure:5392: checking sys/sendfile.h presence
configure:5392: gcc -E  conftest.c
conftest.c:28:10: fatal error: 'sys/sendfile.h' file not found
#include <sys/sendfile.h>
         ^
1 error generated.
configure:5392: $? = 1
configure: failed program was:
| /* confdefs.h */
| #define PACKAGE_NAME ""
| #define PACKAGE_TARNAME ""
| #define PACKAGE_VERSION ""
| #define PACKAGE_STRING ""
| #define PACKAGE_BUGREPORT ""
| #define PACKAGE_URL ""
| #define restrict __restrict
| #define RETSIGTYPE void
| #define STDC_HEADERS 1
| #define HAVE_SYS_TYPES_H 1
| #define HAVE_SYS_STAT_H 1
| #define HAVE_STDLIB_H 1
| #define HAVE_STRING_H 1
| #define HAVE_MEMORY_H 1
| #define HAVE_STRINGS_H 1
| #define HAVE_INTTYPES_H 1
| #define HAVE_STDINT_H 1
| #define HAVE_UNISTD_H 1
| #define HAVE_STRUCT_STAT_ST_BLKSIZE 1
| #define HAVE_ST_BLKSIZE 1
| #define HAVE_LIBPTHREAD 1
| #define HAVE_SETEUID 1
| #define HAVE_HSTRERROR 1
| #define HAVE_GETADDRINFO 1
| #define HAVE_SENDFILE 1
| /* end confdefs.h.  */
| #include <sys/sendfile.h>
configure:5392: result: no
configure:5392: checking for sys/sendfile.h
configure:5392: result: no
configure:5400: checking for size_t
configure:5400: gcc -c -g -O2 -O2 -Wall -m64  conftest.c >&5
configure:5400: $? = 0
configure:5400: gcc -c -g -O2 -O2 -Wall -m64  conftest.c >&5
conftest.c:64:21: error: expected expression
if (sizeof ((size_t)))
                    ^
1 error generated.
configure:5400: $? = 1
configure: failed program was:
| /* confdefs.h */
| #define PACKAGE_NAME ""
| #define PACKAGE_TARNAME ""
| #define PACKAGE_VERSION ""
| #define PACKAGE_STRING ""
| #define PACKAGE_BUGREPORT ""
| #define PACKAGE_URL ""
| #define restrict __restrict
| #define RETSIGTYPE void
| #define STDC_HEADERS 1
| #define HAVE_SYS_TYPES_H 1
| #define HAVE_SYS_STAT_H 1
| #define HAVE_STDLIB_H 1
| #define HAVE_STRING_H 1
| #define HAVE_MEMORY_H 1
| #define HAVE_STRINGS_H 1
| #define HAVE_INTTYPES_H 1
| #define HAVE_STDINT_H 1
| #define HAVE_UNISTD_H 1
| #define HAVE_STRUCT_STAT_ST_BLKSIZE 1
| #define HAVE_ST_BLKSIZE 1
| #define HAVE_LIBPTHREAD 1
| #define HAVE_SETEUID 1
| #define HAVE_HSTRERROR 1
| #define HAVE_GETADDRINFO 1
| #define HAVE_SENDFILE 1
| /* end confdefs.h.  */
| #include <stdio.h>
| #ifdef HAVE_SYS_TYPES_H
| # include <sys/types.h>
| #endif
| #ifdef HAVE_SYS_STAT_H
| # include <sys/stat.h>
| #endif
| #ifdef STDC_HEADERS
| # include <stdlib.h>
| # include <stddef.h>
| #else
| # ifdef HAVE_STDLIB_H
| #  include <stdlib.h>
| # endif
| #endif
| #ifdef HAVE_STRING_H
| # if !defined STDC_HEADERS && defined HAVE_MEMORY_H
| #  include <memory.h>
| # endif
| # include <string.h>
| #endif
| #ifdef HAVE_STRINGS_H
| # include <strings.h>
| #endif
| #ifdef HAVE_INTTYPES_H
| # include <inttypes.h>
| #endif
| #ifdef HAVE_STDINT_H
| # include <stdint.h>
| #endif
| #ifdef HAVE_UNISTD_H
| # include <unistd.h>
| #endif
| int
| main ()
| {
| if (sizeof ((size_t)))
| 	    return 0;
|   ;
|   return 0;
| }
configure:5400: result: yes
configure:5413: checking for working alloca.h
configure:5430: gcc -o conftest -g -O2 -O2 -Wall -m64   conftest.c -lpthread  >&5
configure:5430: $? = 0
configure:5438: result: yes
configure:5446: checking for alloca
configure:5483: gcc -o conftest -g -O2 -O2 -Wall -m64   conftest.c -lpthread  >&5
configure:5483: $? = 0
configure:5491: result: yes
configure:5623: checking for library containing mhash_init
configure:5654: gcc -o conftest -g -O2 -O2 -Wall -m64   conftest.c -lpthread  >&5
Undefined symbols for architecture x86_64:
  "_mhash_init", referenced from:
      _main in conftest-072dad.o
ld: symbol(s) not found for architecture x86_64
clang: error: linker command failed with exit code 1 (use -v to see invocation)
configure:5654: $? = 1
configure: failed program was:
| /* confdefs.h */
| #define PACKAGE_NAME ""
| #define PACKAGE_TARNAME ""
| #define PACKAGE_VERSION ""
| #define PACKAGE_STRING ""
| #define PACKAGE_BUGREPORT ""
| #define PACKAGE_URL ""
| #define restrict __restrict
| #define RETSIGTYPE void
| #define STDC_HEADERS 1
| #define HAVE_SYS_TYPES_H 1
| #define HAVE_SYS_STAT_H 1
| #define HAVE_STDLIB_H 1
| #define HAVE_STRING_H 1
| #define HAVE_MEMORY_H 1
| #define HAVE_STRINGS_H 1
| #define HAVE_INTTYPES_H 1
| #define HAVE_STDINT_H 1
| #define HAVE_UNISTD_H 1
| #define HAVE_STRUCT_STAT_ST_BLKSIZE 1
| #define HAVE_ST_BLKSIZE 1
| #define HAVE_LIBPTHREAD 1
| #define HAVE_SETEUID 1
| #define HAVE_HSTRERROR 1
| #define HAVE_GETADDRINFO 1
| #define HAVE_SENDFILE 1
| #define HAVE_ALLOCA_H 1
| #define HAVE_ALLOCA 1
| #define DEBUG 1
| /* end confdefs.h.  */
| 
| /* Override any GCC internal prototype to avoid an error.
|    Use char because int might match the return type of a GCC
|    builtin and then its argument prototype would still apply.  */
| #ifdef __cplusplus
| extern "C"
| #endif
| char mhash_init ();
| int
| main ()
| {
| return mhash_init ();
|   ;
|   return 0;
| }
configure:5654: gcc -o conftest -g -O2 -O2 -Wall -m64   conftest.c -lmhash  -lpthread  >&5
ld: library not found for -lmhash
clang: error: linker command failed with exit code 1 (use -v to see invocation)
configure:5654: $? = 1
configure: failed program was:
| /* confdefs.h */
| #define PACKAGE_NAME ""
| #define PACKAGE_TARNAME ""
| #define PACKAGE_VERSION ""
| #define PACKAGE_STRING ""
| #define PACKAGE_BUGREPORT ""
| #define PACKAGE_URL ""
| #define restrict __restrict
| #define RETSIGTYPE void
| #define STDC_HEADERS 1
| #define HAVE_SYS_TYPES_H 1
| #define HAVE_SYS_STAT_H 1
| #define HAVE_STDLIB_H 1
| #define HAVE_STRING_H 1
| #define HAVE_MEMORY_H 1
| #define HAVE_STRINGS_H 1
| #define HAVE_INTTYPES_H 1
| #define HAVE_STDINT_H 1
| #define HAVE_UNISTD_H 1
| #define HAVE_STRUCT_STAT_ST_BLKSIZE 1
| #define HAVE_ST_BLKSIZE 1
| #define HAVE_LIBPTHREAD 1
| #define HAVE_SETEUID 1
| #define HAVE_HSTRERROR 1
| #define HAVE_GETADDRINFO 1
| #define HAVE_SENDFILE 1
| #define HAVE_ALLOCA_H 1
| #define HAVE_ALLOCA 1
| #define DEBUG 1
| /* end confdefs.h.  */
| 
| /* Override any GCC internal prototype to avoid an error.
|    Use char because int might match the return type of a GCC
|    builtin and then its argument prototype would still apply.  */
| #ifdef __cplusplus
| extern "C"
| #endif
| char mhash_init ();
| int
| main ()
| {
| return mhash_init ();
|   ;
|   return 0;
| }
configure:5671: result: no
configure:5681: checking for library containing MD5Init
configure:5712: gcc -o conftest -g -O2 -O2 -Wall -m64   conftest.c -lpthread  >&5
Undefined symbols for architecture x86_64:
  "_MD5Init", referenced from:
      _main in conftest-c9f3a5.o
ld: symbol(s) not found for architecture x86_64
clang: error: linker command failed with exit code 1 (use -v to see invocation)
configure:5712: $? = 1
configure: failed program was:
| /* confdefs.h */
| #define PACKAGE_NAME ""
| #define PACKAGE_TARNAME ""
| #define PACKAGE_VERSION ""
| #define PACKAGE_STRING ""
| #define PACKAGE_BUGREPORT ""
| #define PACKAGE_URL ""
| #define restrict __restrict
| #define RETSIGTYPE void
| #define STDC_HEADERS 1
| #define HAVE_SYS_TYPES_H 1
| #define HAVE_SYS_STAT_H 1
| #define HAVE_STDLIB_H 1
| #define HAVE_STRING_H 1
| #define HAVE_MEMORY_H 1
| #define HAVE_STRINGS_H 1
| #define HAVE_INTTYPES_H 1
| #define HAVE_STDINT_H 1
| #define HAVE_UNISTD_H 1
| #define HAVE_STRUCT_STAT_ST_BLKSIZE 1
| #define HAVE_ST_BLKSIZE 1
| #define HAVE_LIBPTHREAD 1
| #define HAVE_SETEUID 1
| #define HAVE_HSTRERROR 1
| #define HAVE_GETADDRINFO 1
| #define HAVE_SENDFILE 1
| #define HAVE_ALLOCA_H 1
| #define HAVE_ALLOCA 1
| #define DEBUG 1
| /* end confdefs.h.  */
| 
| /* Override any GCC internal prototype to avoid an error.
|    Use char because int might match the return type of a GCC
|    builtin and then its argument prototype would still apply.  */
| #ifdef __cplusplus
| extern "C"
| #endif
| char MD5Init ();
| int
| main ()
| {
| return MD5Init ();
|   ;
|   return 0;
| }
configure:5712: gcc -o conftest -g -O2 -O2 -Wall -m64   conftest.c -lmd5  -lpthread  >&5
ld: library not found for -lmd5
clang: error: linker command failed with exit code 1 (use -v to see invocation)
configure:5712: $? = 1
configure: failed program was:
| /* confdefs.h */
| #define PACKAGE_NAME ""
| #define PACKAGE_TARNAME ""
| #define PACKAGE_VERSION ""
| #define PACKAGE_STRING ""
| #define PACKAGE_BUGREPORT ""
| #define PACKAGE_URL ""
| #define restrict __restrict
| #define RETSIGTYPE void
| #define STDC_HEADERS 1
| #define HAVE_SYS_TYPES_H 1
| #define HAVE_SYS_STAT_H 1
| #define HAVE_STDLIB_H 1
| #define HAVE_STRING_H 1
| #define HAVE_MEMORY_H 1
| #define HAVE_STRINGS_H 1
| #define HAVE_INTTYPES_H 1
| #define HAVE_STDINT_H 1
| #define HAVE_UNISTD_H 1
| #define HAVE_STRUCT_STAT_ST_BLKSIZE 1
| #define HAVE_ST_BLKSIZE 1
| #define HAVE_LIBPTHREAD 1
| #define HAVE_SETEUID 1
| #define HAVE_HSTRERROR 1
| #define HAVE_GETADDRINFO 1
| #define HAVE_SENDFILE 1
| #define HAVE_ALLOCA_H 1
| #define HAVE_ALLOCA 1
| #define DEBUG 1
| /* end confdefs.h.  */
| 
| /* Override any GCC internal prototype to avoid an error.
|    Use char because int might match the return type of a GCC
|    builtin and then its argument prototype would still apply.  */
| #ifdef __cplusplus
| extern "C"
| #endif
| char MD5Init ();
| int
| main ()
| {
| return MD5Init ();
|   ;
|   return 0;
| }
configure:5729: result: no
configure:5739: checking for library containing MD5_Init
configure:5770: gcc -o conftest -g -O2 -O2 -Wall -m64   conftest.c -lpthread  >&5
Undefined symbols for architecture x86_64:
  "_MD5_Init", referenced from:
      _main in conftest-0058d9.o
ld: symbol(s) not found for architecture x86_64
clang: error: linker command failed with exit code 1 (use -v to see invocation)
configure:5770: $? = 1
configure: failed program was:
| /* confdefs.h */
| #define PACKAGE_NAME ""
| #define PACKAGE_TARNAME ""
| #define PACKAGE_VERSION ""
| #define PACKAGE_STRING ""
| #define PACKAGE_BUGREPORT ""
| #define PACKAGE_URL ""
| #define restrict __restrict
| #define RETSIGTYPE void
| #define STDC_HEADERS 1
| #define HAVE_SYS_TYPES_H 1
| #define HAVE_SYS_STAT_H 1
| #define HAVE_STDLIB_H 1
| #define HAVE_STRING_H 1
| #define HAVE_MEMORY_H 1
| #define HAVE_STRINGS_H 1
| #define HAVE_INTTYPES_H 1
| #define HAVE_STDINT_H 1
| #define HAVE_UNISTD_H 1
| #define HAVE_STRUCT_STAT_ST_BLKSIZE 1
| #define HAVE_ST_BLKSIZE 1
| #define HAVE_LIBPTHREAD 1
| #define HAVE_SETEUID 1
| #define HAVE_HSTRERROR 1
| #define HAVE_GETADDRINFO 1
| #define HAVE_SENDFILE 1
| #define HAVE_ALLOCA_H 1
| #define HAVE_ALLOCA 1
| #define DEBUG 1
| /* end confdefs.h.  */
| 
| /* Override any GCC internal prototype to avoid an error.
|    Use char because int might match the return type of a GCC
|    builtin and then its argument prototype would still apply.  */
| #ifdef __cplusplus
| extern "C"
| #endif
| char MD5_Init ();
| int
| main ()
| {
| return MD5_Init ();
|   ;
|   return 0;
| }
configure:5770: gcc -o conftest -g -O2 -O2 -Wall -m64   conftest.c -lcrypto  -lpthread  >&5
configure:5770: $? = 0
configure:5787: result: -lcrypto
configure:5945: creating ./config.status

## ---------------------- ##
## Running config.status. ##
## ---------------------- ##

This file was extended by config.status, which was
generated by GNU Autoconf 2.69.  Invocation command line was

  CONFIG_FILES    = 
  CONFIG_HEADERS  = 
  CONFIG_LINKS    = 
  CONFIG_COMMANDS = 
  $ ./config.status 

on shinken.internal-gmo

config.status:837: creating Makefile
config.status:837: creating mbuffer.1
config.status:837: creating config.h
config.status:1012: config.h is unchanged

## ---------------- ##
## Cache variables. ##
## ---------------- ##

ac_cv_build=i686-apple-darwin13.1.0
ac_cv_c_compiler_gnu=yes
ac_cv_c_inline=inline
ac_cv_c_restrict=__restrict
ac_cv_env_CC_set=
ac_cv_env_CC_value=
ac_cv_env_CFLAGS_set=
ac_cv_env_CFLAGS_value=
ac_cv_env_CPPFLAGS_set=
ac_cv_env_CPPFLAGS_value=
ac_cv_env_CPP_set=
ac_cv_env_CPP_value=
ac_cv_env_LDFLAGS_set=
ac_cv_env_LDFLAGS_value=
ac_cv_env_LIBS_set=
ac_cv_env_LIBS_value=
ac_cv_env_build_alias_set=
ac_cv_env_build_alias_value=
ac_cv_env_host_alias_set=
ac_cv_env_host_alias_value=
ac_cv_env_target_alias_set=
ac_cv_env_target_alias_value=
ac_cv_func_alloca_works=yes
ac_cv_header_inttypes_h=yes
ac_cv_header_memory_h=yes
ac_cv_header_stdc=yes
ac_cv_header_stdint_h=yes
ac_cv_header_stdlib_h=yes
ac_cv_header_string_h=yes
ac_cv_header_strings_h=yes
ac_cv_header_sys_sendfile_h=no
ac_cv_header_sys_stat_h=yes
ac_cv_header_sys_types_h=yes
ac_cv_header_unistd_h=yes
ac_cv_host=i686-apple-darwin13.1.0
ac_cv_lib_pthread_pthread_mutex_init=yes
ac_cv_member_struct_stat_st_blksize=yes
ac_cv_objext=o
ac_cv_path_EGREP='/usr/bin/grep -E'
ac_cv_path_GREP=/usr/bin/grep
ac_cv_path_RM=/bin/rm
ac_cv_path_install='/usr/bin/install -c'
ac_cv_prog_CPP='gcc -E'
ac_cv_prog_ac_ct_CC=gcc
ac_cv_prog_cc_c89=
ac_cv_prog_cc_c99=
ac_cv_prog_cc_g=yes
ac_cv_search_MD5Init=no
ac_cv_search_MD5_Init=-lcrypto
ac_cv_search_atoll='none required'
ac_cv_search_clock_gettime=no
ac_cv_search_getaddrinfo='none required'
ac_cv_search_gethostbyname='none required'
ac_cv_search_hstrerror='none required'
ac_cv_search_mhash_init=no
ac_cv_search_rint='none required'
ac_cv_search_sem_init='none required'
ac_cv_search_sendfile='none required'
ac_cv_search_seteuid='none required'
ac_cv_search_socket='none required'
ac_cv_sys_file_offset_bits=no
ac_cv_sys_largefile_CC=no
ac_cv_target=i686-apple-darwin13.1.0
ac_cv_type_signal=void
ac_cv_type_size_t=yes
ac_cv_working_alloca_h=yes

## ----------------- ##
## Output variables. ##
## ----------------- ##

ALLOCA=''
AUTOCONF=''
CC='gcc'
CFLAGS='-g -O2 -O2 -Wall -m64'
CPP='gcc -E'
CPPFLAGS=''
DEBUG=''
DEFS='-DHAVE_CONFIG_H'
ECHO_C='\c'
ECHO_N=''
ECHO_T=''
EGREP='/usr/bin/grep -E'
EXEEXT=''
GREP='/usr/bin/grep'
INSTALL_DATA='${INSTALL} -m 644'
INSTALL_PROGRAM='${INSTALL}'
INSTALL_SCRIPT='${INSTALL}'
LDFLAGS=''
LIBOBJS=''
LIBS='-lcrypto -lpthread '
LTLIBOBJS=''
MT=''
OBJEXT='o'
PACKAGE='mbuffer'
PACKAGE_BUGREPORT=''
PACKAGE_NAME=''
PACKAGE_STRING=''
PACKAGE_TARNAME=''
PACKAGE_URL=''
PACKAGE_VERSION=''
PATH_SEPARATOR=':'
RM='/bin/rm'
SHELL='/bin/sh'
VERSION='20130220'
ac_ct_CC='gcc'
bindir='${exec_prefix}/bin'
build='i686-apple-darwin13.1.0'
build_alias=''
build_cpu='i686'
build_os='darwin13.1.0'
build_vendor='apple'
datadir='${datarootdir}'
datarootdir='${prefix}/share'
docdir='${datarootdir}/doc/${PACKAGE}'
dvidir='${docdir}'
exec_prefix='/usr/local'
host='i686-apple-darwin13.1.0'
host_alias=''
host_cpu='i686'
host_os='darwin13.1.0'
host_vendor='apple'
htmldir='${docdir}'
includedir='${prefix}/include'
infodir='${datarootdir}/info'
libdir='${exec_prefix}/lib'
libexecdir='${exec_prefix}/libexec'
localedir='${datarootdir}/locale'
localstatedir='${prefix}/var'
mandir='${datarootdir}/man'
oldincludedir='/usr/include'
pdfdir='${docdir}'
prefix='/usr/local'
program_transform_name='s,x,x,'
psdir='${docdir}'
sbindir='${exec_prefix}/sbin'
sharedstatedir='${prefix}/com'
sysconfdir='${prefix}/etc'
target='i686-apple-darwin13.1.0'
target_alias=''
target_cpu='i686'
target_os='darwin13.1.0'
target_vendor='apple'

## ----------- ##
## confdefs.h. ##
## ----------- ##

/* confdefs.h */
#define PACKAGE_NAME ""
#define PACKAGE_TARNAME ""
#define PACKAGE_VERSION ""
#define PACKAGE_STRING ""
#define PACKAGE_BUGREPORT ""
#define PACKAGE_URL ""
#define restrict __restrict
#define RETSIGTYPE void
#define STDC_HEADERS 1
#define HAVE_SYS_TYPES_H 1
#define HAVE_SYS_STAT_H 1
#define HAVE_STDLIB_H 1
#define HAVE_STRING_H 1
#define HAVE_MEMORY_H 1
#define HAVE_STRINGS_H 1
#define HAVE_INTTYPES_H 1
#define HAVE_STDINT_H 1
#define HAVE_UNISTD_H 1
#define HAVE_STRUCT_STAT_ST_BLKSIZE 1
#define HAVE_ST_BLKSIZE 1
#define HAVE_LIBPTHREAD 1
#define HAVE_SETEUID 1
#define HAVE_HSTRERROR 1
#define HAVE_GETADDRINFO 1
#define HAVE_SENDFILE 1
#define HAVE_ALLOCA_H 1
#define HAVE_ALLOCA 1
#define DEBUG 1
#define HAVE_LIBCRYPTO 1
#define PACKAGE "mbuffer"
#define VERSION "20130220"
#define _REENTRANT 1

configure: exit 0
